<?xml version="1.0" encoding="UTF-8"?>
<!-- Generated by org.testng.reporters.JUnitReportReporter -->
<testsuite hostname="DESKTOP-7EUDCAL" failures="0" tests="2" name="com.sauce.tests.LoginTest" time="5.933" errors="0" timestamp="2022-05-17T21:42:29 GMT-04:00" skipped="0">
  <testcase classname="com.sauce.tests.LoginTest" name="valid_login" time="2.364"/>
  <system-out/>
  <testcase classname="com.sauce.tests.LoginTest" name="in_valid_login" time="3.569"/>
  <system-out/>
</testsuite> <!-- com.sauce.tests.LoginTest -->
