<?xml version="1.0" encoding="UTF-8"?>
<!-- Generated by org.testng.reporters.JUnitReportReporter -->
<testsuite hostname="DESKTOP-7EUDCAL" failures="0" tests="1" name="com.sauce.tests.AddToCartTest" time="2.416" errors="0" timestamp="2022-05-17T21:34:43 GMT-04:00" skipped="0">
  <testcase classname="com.sauce.tests.AddToCartTest" name="addtocarttest" time="2.416"/>
  <system-out/>
</testsuite> <!-- com.sauce.tests.AddToCartTest -->
