<?xml version="1.0" encoding="UTF-8"?>
<!-- Generated by org.testng.reporters.JUnitReportReporter -->
<testsuite hostname="DESKTOP-7EUDCAL" failures="0" tests="3" name="TestNg_Annotations" time="0.015" errors="0" timestamp="2022-05-16T22:03:44 GMT-04:00" skipped="0">
  <testcase classname="TestNg_Annotations" name="test2" time="0.004"/>
  <system-out/>
  <testcase classname="TestNg_Annotations" name="test1" time="0.009"/>
  <system-out/>
  <testcase classname="TestNg_Annotations" name="test3" time="0.002"/>
  <system-out/>
</testsuite> <!-- TestNg_Annotations -->
