<?xml version="1.0" encoding="UTF-8"?>
<!-- Generated by org.testng.reporters.JUnitReportReporter -->
<testsuite hostname="DESKTOP-7EUDCAL" failures="0" tests="2" name="TestNg_Intro" time="0.011" errors="0" timestamp="2022-05-16T21:49:56 GMT-04:00" skipped="0">
  <testcase classname="TestNg_Intro" name="method1" time="0.009"/>
  <system-out/>
  <testcase classname="TestNg_Intro" name="method2" time="0.002"/>
  <system-out/>
</testsuite> <!-- TestNg_Intro -->
