<?xml version="1.0" encoding="UTF-8"?>
<!-- Generated by org.testng.reporters.JUnitReportReporter -->
<testsuite hostname="DESKTOP-7EUDCAL" failures="0" tests="1" name="Ex_assert" time="0.014" errors="0" timestamp="2022-05-17T21:40:20 GMT-04:00" skipped="0">
  <testcase classname="Ex_assert" name="Ex_assert" time="0.014"/>
  <system-out/>
</testsuite> <!-- Ex_assert -->
