<?xml version="1.0" encoding="UTF-8"?>
<!-- Generated by org.testng.reporters.JUnitReportReporter -->
<testsuite hostname="DESKTOP-7EUDCAL" failures="0" tests="1" name="com.sauce.rough.ReadProperties" time="0.015" errors="0" timestamp="2022-05-17T22:00:00 GMT-04:00" skipped="0">
  <testcase classname="com.sauce.rough.ReadProperties" name="ReadProperties" time="0.015"/>
  <system-out/>
</testsuite> <!-- com.sauce.rough.ReadProperties -->
