<?xml version="1.0" encoding="UTF-8"?>
<!-- Generated by org.testng.reporters.JUnitReportReporter -->
<testsuite hostname="DESKTOP-7EUDCAL" failures="0" tests="2" name="com.sauce.tests.LoginTest" time="11.207" errors="0" timestamp="2022-05-17T22:13:50 GMT-04:00" skipped="0">
  <testcase classname="com.sauce.tests.LoginTest" name="valid_login" time="2.716"/>
  <system-out/>
  <testcase classname="com.sauce.tests.LoginTest" name="in_valid_login" time="8.491"/>
  <system-out/>
</testsuite> <!-- com.sauce.tests.LoginTest -->
