<?xml version="1.0" encoding="UTF-8"?>
<!-- Generated by org.testng.reporters.JUnitReportReporter -->
<testsuite hostname="DESKTOP-7EUDCAL" failures="0" tests="1" name="com.sauce.testbase.TestBase" time="3.509" errors="0" timestamp="2022-05-17T22:05:31 GMT-04:00" skipped="0">
  <testcase classname="com.sauce.testbase.TestBase" name="intialize" time="3.509"/>
  <system-out/>
</testsuite> <!-- com.sauce.testbase.TestBase -->
